==21097== Memcheck, a memory error detector
==21097== Copyright (C) 2002-2015, and GNU GPL'd, by Julian Seward et al.
==21097== Using Valgrind-3.11.0 and LibVEX; rerun with -h for copyright info
==21097== Command: ./a.out
==21097== Parent PID: 16806
==21097== 
==21097== Invalid read of size 8
==21097==    at 0x5287F0F: _nc_Connect_Items (in /usr/lib/x86_64-linux-gnu/libmenu.so.5.9)
==21097==    by 0x5289442: new_menu (in /usr/lib/x86_64-linux-gnu/libmenu.so.5.9)
==21097==    by 0x402474: main (main.cpp:76)
==21097==  Address 0x63b7a00 is 0 bytes after a block of size 720 alloc'd
==21097==    at 0x4C2DB95: calloc (in /usr/lib/valgrind/vgpreload_memcheck-amd64-linux.so)
==21097==    by 0x4023BA: main (main.cpp:71)
==21097== 
==21097== Invalid read of size 8
==21097==    at 0x5287F3A: _nc_Connect_Items (in /usr/lib/x86_64-linux-gnu/libmenu.so.5.9)
==21097==    by 0x5289442: new_menu (in /usr/lib/x86_64-linux-gnu/libmenu.so.5.9)
==21097==    by 0x402474: main (main.cpp:76)
==21097==  Address 0x63b7a00 is 0 bytes after a block of size 720 alloc'd
==21097==    at 0x4C2DB95: calloc (in /usr/lib/valgrind/vgpreload_memcheck-amd64-linux.so)
==21097==    by 0x4023BA: main (main.cpp:71)
==21097== 
==21097== Invalid read of size 8
==21097==    at 0x5287F94: _nc_Connect_Items (in /usr/lib/x86_64-linux-gnu/libmenu.so.5.9)
==21097==    by 0x5289442: new_menu (in /usr/lib/x86_64-linux-gnu/libmenu.so.5.9)
==21097==    by 0x402474: main (main.cpp:76)
==21097==  Address 0x63b7a00 is 0 bytes after a block of size 720 alloc'd
==21097==    at 0x4C2DB95: calloc (in /usr/lib/valgrind/vgpreload_memcheck-amd64-linux.so)
==21097==    by 0x4023BA: main (main.cpp:71)
==21097== 
==21097== Invalid read of size 8
==21097==    at 0x528A1D0: post_menu (in /usr/lib/x86_64-linux-gnu/libmenu.so.5.9)
==21097==    by 0x402661: main (main.cpp:100)
==21097==  Address 0x63b7a00 is 0 bytes after a block of size 720 alloc'd
==21097==    at 0x4C2DB95: calloc (in /usr/lib/valgrind/vgpreload_memcheck-amd64-linux.so)
==21097==    by 0x4023BA: main (main.cpp:71)
==21097== 
==21097== 
==21097== HEAP SUMMARY:
==21097==     in use at exit: 527,746 bytes in 763 blocks
==21097==   total heap usage: 789 allocs, 26 frees, 861,889 bytes allocated
==21097== 
==21097== LEAK SUMMARY:
==21097==    definitely lost: 0 bytes in 0 blocks
==21097==    indirectly lost: 0 bytes in 0 blocks
==21097==      possibly lost: 0 bytes in 0 blocks
==21097==    still reachable: 527,746 bytes in 763 blocks
==21097==         suppressed: 0 bytes in 0 blocks
==21097== Rerun with --leak-check=full to see details of leaked memory
==21097== 
==21097== For counts of detected and suppressed errors, rerun with: -v
==21097== ERROR SUMMARY: 4 errors from 4 contexts (suppressed: 0 from 0)
